============================================================
  Generated by:           Genus(TM) Synthesis Solution 22.17-s071_1
  Generated on:           May 20 2026  11:26:52 pm
  Module:                 SPI_Top
  Operating conditions:   slow 
  Interconnect mode:      global
  Area mode:              physical library
============================================================


Path 1: MET (3384 ps) Setup Check with Pin u_master_u_buf_P2S_buffer_reg[0]/CKN->D
          Group: REFCLK
     Startpoint: (R) u_master_state_reg[0]/CK
          Clock: (R) REFCLK
       Endpoint: (F) u_master_u_buf_P2S_buffer_reg[0]/D
          Clock: (F) REFCLK

                     Capture       Launch     
        Clock Edge:+    5000            0     
       Src Latency:+       0            0     
       Net Latency:+       0 (I)        0 (I) 
           Arrival:=    5000            0     
                                              
             Setup:-     197                  
     Required Time:=    4803                  
      Launch Clock:-       0                  
         Data Path:-    1419                  
             Slack:=    3384                  

#-----------------------------------------------------------------------------------------------------------
#           Timing Point             Flags   Arc   Edge   Cell     Fanout Load Trans Delay Arrival Instance 
#                                                                         (fF)  (ps)  (ps)   (ps)  Location 
#-----------------------------------------------------------------------------------------------------------
  u_master_state_reg[0]/CK           -       -     R     (arrival)      9    -     0     0       0    (-,-) 
  u_master_state_reg[0]/Q            -       CK->Q F     DFFHQX1        5 15.4   266   352     352    (-,-) 
  g3662/Y                            -       A->Y  R     INVX1          4 12.5   214   195     546    (-,-) 
  g3589__1666/Y                      (a)     B0->Y R     OA21X1        23 43.2   642   487    1033    (-,-) 
  g3539__4319/Y                      -       S0->Y F     MX2X1          1  4.5   106   385    1418    (-,-) 
  u_master_u_buf_P2S_buffer_reg[0]/D -       -     F     DFFNSRX1       1    -     -     0    1419    (-,-) 
#-----------------------------------------------------------------------------------------------------------

(a) : Net has asynchronous load pins which are being considered ideal.



Path 2: MET (3384 ps) Setup Check with Pin u_master_u_buf_P2S_buffer_reg[6]/CKN->D
          Group: REFCLK
     Startpoint: (R) u_master_state_reg[0]/CK
          Clock: (R) REFCLK
       Endpoint: (F) u_master_u_buf_P2S_buffer_reg[6]/D
          Clock: (F) REFCLK

                     Capture       Launch     
        Clock Edge:+    5000            0     
       Src Latency:+       0            0     
       Net Latency:+       0 (I)        0 (I) 
           Arrival:=    5000            0     
                                              
             Setup:-     197                  
     Required Time:=    4803                  
      Launch Clock:-       0                  
         Data Path:-    1419                  
             Slack:=    3384                  

#-----------------------------------------------------------------------------------------------------------
#           Timing Point             Flags   Arc   Edge   Cell     Fanout Load Trans Delay Arrival Instance 
#                                                                         (fF)  (ps)  (ps)   (ps)  Location 
#-----------------------------------------------------------------------------------------------------------
  u_master_state_reg[0]/CK           -       -     R     (arrival)      9    -     0     0       0    (-,-) 
  u_master_state_reg[0]/Q            -       CK->Q F     DFFHQX1        5 15.4   266   352     352    (-,-) 
  g3662/Y                            -       A->Y  R     INVX1          4 12.5   214   195     546    (-,-) 
  g3589__1666/Y                      (a)     B0->Y R     OA21X1        23 43.2   642   487    1033    (-,-) 
  g3538__6260/Y                      -       S0->Y F     MX2X1          1  4.5   106   385    1418    (-,-) 
  u_master_u_buf_P2S_buffer_reg[6]/D -       -     F     DFFNSRX1       1    -     -     0    1419    (-,-) 
#-----------------------------------------------------------------------------------------------------------

(a) : Net has asynchronous load pins which are being considered ideal.



Path 3: MET (3384 ps) Setup Check with Pin u_master_u_buf_P2S_buffer_reg[3]/CKN->D
          Group: REFCLK
     Startpoint: (R) u_master_state_reg[0]/CK
          Clock: (R) REFCLK
       Endpoint: (F) u_master_u_buf_P2S_buffer_reg[3]/D
          Clock: (F) REFCLK

                     Capture       Launch     
        Clock Edge:+    5000            0     
       Src Latency:+       0            0     
       Net Latency:+       0 (I)        0 (I) 
           Arrival:=    5000            0     
                                              
             Setup:-     197                  
     Required Time:=    4803                  
      Launch Clock:-       0                  
         Data Path:-    1419                  
             Slack:=    3384                  

#-----------------------------------------------------------------------------------------------------------
#           Timing Point             Flags   Arc   Edge   Cell     Fanout Load Trans Delay Arrival Instance 
#                                                                         (fF)  (ps)  (ps)   (ps)  Location 
#-----------------------------------------------------------------------------------------------------------
  u_master_state_reg[0]/CK           -       -     R     (arrival)      9    -     0     0       0    (-,-) 
  u_master_state_reg[0]/Q            -       CK->Q F     DFFHQX1        5 15.4   266   352     352    (-,-) 
  g3662/Y                            -       A->Y  R     INVX1          4 12.5   214   195     546    (-,-) 
  g3589__1666/Y                      (a)     B0->Y R     OA21X1        23 43.2   642   487    1033    (-,-) 
  g3542__6783/Y                      -       S0->Y F     MX2X1          1  4.5   106   385    1418    (-,-) 
  u_master_u_buf_P2S_buffer_reg[3]/D -       -     F     DFFNSRX1       1    -     -     0    1419    (-,-) 
#-----------------------------------------------------------------------------------------------------------

(a) : Net has asynchronous load pins which are being considered ideal.



Path 4: MET (3384 ps) Setup Check with Pin u_master_u_buf_P2S_buffer_reg[1]/CKN->D
          Group: REFCLK
     Startpoint: (R) u_master_state_reg[0]/CK
          Clock: (R) REFCLK
       Endpoint: (F) u_master_u_buf_P2S_buffer_reg[1]/D
          Clock: (F) REFCLK

                     Capture       Launch     
        Clock Edge:+    5000            0     
       Src Latency:+       0            0     
       Net Latency:+       0 (I)        0 (I) 
           Arrival:=    5000            0     
                                              
             Setup:-     197                  
     Required Time:=    4803                  
      Launch Clock:-       0                  
         Data Path:-    1419                  
             Slack:=    3384                  

#-----------------------------------------------------------------------------------------------------------
#           Timing Point             Flags   Arc   Edge   Cell     Fanout Load Trans Delay Arrival Instance 
#                                                                         (fF)  (ps)  (ps)   (ps)  Location 
#-----------------------------------------------------------------------------------------------------------
  u_master_state_reg[0]/CK           -       -     R     (arrival)      9    -     0     0       0    (-,-) 
  u_master_state_reg[0]/Q            -       CK->Q F     DFFHQX1        5 15.4   266   352     352    (-,-) 
  g3662/Y                            -       A->Y  R     INVX1          4 12.5   214   195     546    (-,-) 
  g3589__1666/Y                      (a)     B0->Y R     OA21X1        23 43.2   642   487    1033    (-,-) 
  g3540__8428/Y                      -       S0->Y F     MX2X1          1  4.5   106   385    1418    (-,-) 
  u_master_u_buf_P2S_buffer_reg[1]/D -       -     F     DFFNSRX1       1    -     -     0    1419    (-,-) 
#-----------------------------------------------------------------------------------------------------------

(a) : Net has asynchronous load pins which are being considered ideal.



Path 5: MET (3384 ps) Setup Check with Pin u_master_u_buf_P2S_buffer_reg[4]/CKN->D
          Group: REFCLK
     Startpoint: (R) u_master_state_reg[0]/CK
          Clock: (R) REFCLK
       Endpoint: (F) u_master_u_buf_P2S_buffer_reg[4]/D
          Clock: (F) REFCLK

                     Capture       Launch     
        Clock Edge:+    5000            0     
       Src Latency:+       0            0     
       Net Latency:+       0 (I)        0 (I) 
           Arrival:=    5000            0     
                                              
             Setup:-     197                  
     Required Time:=    4803                  
      Launch Clock:-       0                  
         Data Path:-    1419                  
             Slack:=    3384                  

#-----------------------------------------------------------------------------------------------------------
#           Timing Point             Flags   Arc   Edge   Cell     Fanout Load Trans Delay Arrival Instance 
#                                                                         (fF)  (ps)  (ps)   (ps)  Location 
#-----------------------------------------------------------------------------------------------------------
  u_master_state_reg[0]/CK           -       -     R     (arrival)      9    -     0     0       0    (-,-) 
  u_master_state_reg[0]/Q            -       CK->Q F     DFFHQX1        5 15.4   266   352     352    (-,-) 
  g3662/Y                            -       A->Y  R     INVX1          4 12.5   214   195     546    (-,-) 
  g3589__1666/Y                      (a)     B0->Y R     OA21X1        23 43.2   642   487    1033    (-,-) 
  g3543__9945/Y                      -       S0->Y F     MX2X1          1  4.5   106   385    1418    (-,-) 
  u_master_u_buf_P2S_buffer_reg[4]/D -       -     F     DFFNSRX1       1    -     -     0    1419    (-,-) 
#-----------------------------------------------------------------------------------------------------------

(a) : Net has asynchronous load pins which are being considered ideal.



Path 6: MET (3384 ps) Setup Check with Pin u_master_u_buf_P2S_buffer_reg[2]/CKN->D
          Group: REFCLK
     Startpoint: (R) u_master_state_reg[0]/CK
          Clock: (R) REFCLK
       Endpoint: (F) u_master_u_buf_P2S_buffer_reg[2]/D
          Clock: (F) REFCLK

                     Capture       Launch     
        Clock Edge:+    5000            0     
       Src Latency:+       0            0     
       Net Latency:+       0 (I)        0 (I) 
           Arrival:=    5000            0     
                                              
             Setup:-     197                  
     Required Time:=    4803                  
      Launch Clock:-       0                  
         Data Path:-    1419                  
             Slack:=    3384                  

#-----------------------------------------------------------------------------------------------------------
#           Timing Point             Flags   Arc   Edge   Cell     Fanout Load Trans Delay Arrival Instance 
#                                                                         (fF)  (ps)  (ps)   (ps)  Location 
#-----------------------------------------------------------------------------------------------------------
  u_master_state_reg[0]/CK           -       -     R     (arrival)      9    -     0     0       0    (-,-) 
  u_master_state_reg[0]/Q            -       CK->Q F     DFFHQX1        5 15.4   266   352     352    (-,-) 
  g3662/Y                            -       A->Y  R     INVX1          4 12.5   214   195     546    (-,-) 
  g3589__1666/Y                      (a)     B0->Y R     OA21X1        23 43.2   642   487    1033    (-,-) 
  g3541__5526/Y                      -       S0->Y F     MX2X1          1  4.5   106   385    1418    (-,-) 
  u_master_u_buf_P2S_buffer_reg[2]/D -       -     F     DFFNSRX1       1    -     -     0    1419    (-,-) 
#-----------------------------------------------------------------------------------------------------------

(a) : Net has asynchronous load pins which are being considered ideal.



Path 7: MET (3384 ps) Setup Check with Pin u_master_u_buf_P2S_buffer_reg[5]/CKN->D
          Group: REFCLK
     Startpoint: (R) u_master_state_reg[0]/CK
          Clock: (R) REFCLK
       Endpoint: (F) u_master_u_buf_P2S_buffer_reg[5]/D
          Clock: (F) REFCLK

                     Capture       Launch     
        Clock Edge:+    5000            0     
       Src Latency:+       0            0     
       Net Latency:+       0 (I)        0 (I) 
           Arrival:=    5000            0     
                                              
             Setup:-     197                  
     Required Time:=    4803                  
      Launch Clock:-       0                  
         Data Path:-    1419                  
             Slack:=    3384                  

#-----------------------------------------------------------------------------------------------------------
#           Timing Point             Flags   Arc   Edge   Cell     Fanout Load Trans Delay Arrival Instance 
#                                                                         (fF)  (ps)  (ps)   (ps)  Location 
#-----------------------------------------------------------------------------------------------------------
  u_master_state_reg[0]/CK           -       -     R     (arrival)      9    -     0     0       0    (-,-) 
  u_master_state_reg[0]/Q            -       CK->Q F     DFFHQX1        5 15.4   266   352     352    (-,-) 
  g3662/Y                            -       A->Y  R     INVX1          4 12.5   214   195     546    (-,-) 
  g3589__1666/Y                      (a)     B0->Y R     OA21X1        23 43.2   642   487    1033    (-,-) 
  g3544__2883/Y                      -       S0->Y F     MX2X1          1  4.5   106   385    1418    (-,-) 
  u_master_u_buf_P2S_buffer_reg[5]/D -       -     F     DFFNSRX1       1    -     -     0    1419    (-,-) 
#-----------------------------------------------------------------------------------------------------------

(a) : Net has asynchronous load pins which are being considered ideal.



Path 8: MET (3449 ps) Setup Check with Pin u_master_u_buf_P2S_buffer_reg[7]/CKN->D
          Group: REFCLK
     Startpoint: (R) u_master_state_reg[0]/CK
          Clock: (R) REFCLK
       Endpoint: (F) u_master_u_buf_P2S_buffer_reg[7]/D
          Clock: (F) REFCLK

                     Capture       Launch     
        Clock Edge:+    5000            0     
       Src Latency:+       0            0     
       Net Latency:+       0 (I)        0 (I) 
           Arrival:=    5000            0     
                                              
             Setup:-     222                  
     Required Time:=    4778                  
      Launch Clock:-       0                  
         Data Path:-    1329                  
             Slack:=    3449                  

#-----------------------------------------------------------------------------------------------------------
#           Timing Point             Flags   Arc   Edge   Cell     Fanout Load Trans Delay Arrival Instance 
#                                                                         (fF)  (ps)  (ps)   (ps)  Location 
#-----------------------------------------------------------------------------------------------------------
  u_master_state_reg[0]/CK           -       -     R     (arrival)      9    -     0     0       0    (-,-) 
  u_master_state_reg[0]/Q            -       CK->Q F     DFFHQX1        5 15.4   266   352     352    (-,-) 
  g3662/Y                            -       A->Y  R     INVX1          4 12.5   214   195     546    (-,-) 
  g3589__1666/Y                      (a)     B0->Y R     OA21X1        23 43.2   642   487    1033    (-,-) 
  g3551__3680/Y                      -       B->Y  F     NOR2BX1        1  4.5   182   296    1329    (-,-) 
  u_master_u_buf_P2S_buffer_reg[7]/D -       -     F     DFFNSRX1       1    -     -     0    1329    (-,-) 
#-----------------------------------------------------------------------------------------------------------

(a) : Net has asynchronous load pins which are being considered ideal.



Path 9: MET (3570 ps) Setup Check with Pin u_master_u_crc5_checker_u_crc5_crc_out_reg[2]/CK->SI
          Group: REFCLK
     Startpoint: (F) u_slave1_MISO_Block_buffer_reg[0]/CKN
          Clock: (F) REFCLK
       Endpoint: (R) u_master_u_crc5_checker_u_crc5_crc_out_reg[2]/SI
          Clock: (R) REFCLK

                     Capture       Launch     
        Clock Edge:+   10000         5000     
       Src Latency:+       0            0     
       Net Latency:+       0 (I)        0 (I) 
           Arrival:=   10000         5000     
                                              
             Setup:-     202                  
     Required Time:=    9798                  
      Launch Clock:-    5000                  
         Data Path:-    1229                  
             Slack:=    3570                  

#--------------------------------------------------------------------------------------------------------------------------
#                  Timing Point                    Flags    Arc   Edge   Cell     Fanout Load Trans Delay Arrival Instance 
#                                                                                        (fF)  (ps)  (ps)   (ps)  Location 
#--------------------------------------------------------------------------------------------------------------------------
  u_slave1_MISO_Block_buffer_reg[0]/CKN            -       -      F     (arrival)     76    -     0     0    5000    (-,-) 
  u_slave1_MISO_Block_buffer_reg[0]/Q              -       CKN->Q R     DFFNSRX1       2  6.9   122   331    5331    (-,-) 
  g3432__6783/Y                                    -       A0->Y  R     AO22X1         1  5.2   110   227    5558    (-,-) 
  u_slave1_g8__5526/Y                              -       A->Y   R     TBUFX1         2 10.8   167   207    5765    (-,-) 
  g3426__5107/Y                                    -       B->Y   F     CLKXOR2X1      2  7.8   155   261    6026    (-,-) 
  g3422__2398/Y                                    -       B->Y   R     CLKXOR2X1      1  4.8   100   202    6228    (-,-) 
  u_master_u_crc5_checker_u_crc5_crc_out_reg[2]/SI -       -      R     SDFFRHQX1      1    -     -     0    6229    (-,-) 
#--------------------------------------------------------------------------------------------------------------------------



Path 10: MET (3790 ps) Setup Check with Pin u_master_u_crc5_checker_u_crc5_crc_out_reg[0]/CK->SI
          Group: REFCLK
     Startpoint: (F) u_slave1_MISO_Block_buffer_reg[0]/CKN
          Clock: (F) REFCLK
       Endpoint: (R) u_master_u_crc5_checker_u_crc5_crc_out_reg[0]/SI
          Clock: (R) REFCLK

                     Capture       Launch     
        Clock Edge:+   10000         5000     
       Src Latency:+       0            0     
       Net Latency:+       0 (I)        0 (I) 
           Arrival:=   10000         5000     
                                              
             Setup:-     219                  
     Required Time:=    9781                  
      Launch Clock:-    5000                  
         Data Path:-     992                  
             Slack:=    3790                  

#--------------------------------------------------------------------------------------------------------------------------
#                  Timing Point                    Flags    Arc   Edge   Cell     Fanout Load Trans Delay Arrival Instance 
#                                                                                        (fF)  (ps)  (ps)   (ps)  Location 
#--------------------------------------------------------------------------------------------------------------------------
  u_slave1_MISO_Block_buffer_reg[0]/CKN            -       -      F     (arrival)     76    -     0     0    5000    (-,-) 
  u_slave1_MISO_Block_buffer_reg[0]/Q              -       CKN->Q R     DFFNSRX1       2  6.9   122   331    5331    (-,-) 
  g3432__6783/Y                                    -       A0->Y  R     AO22X1         1  5.2   110   227    5558    (-,-) 
  u_slave1_g8__5526/Y                              -       A->Y   R     TBUFX1         2 10.8   167   207    5765    (-,-) 
  g3426__5107/Y                                    -       B->Y   R     CLKXOR2X1      2  7.8   142   227    5992    (-,-) 
  u_master_u_crc5_checker_u_crc5_crc_out_reg[0]/SI -       -      R     SDFFRHQX1      2    -     -     0    5992    (-,-) 
#--------------------------------------------------------------------------------------------------------------------------



Path 11: MET (3975 ps) Setup Check with Pin u_master_u_buf_S2P_buffer_reg[7]/CK->D
          Group: REFCLK
     Startpoint: (F) u_slave1_MISO_Block_buffer_reg[0]/CKN
          Clock: (F) REFCLK
       Endpoint: (R) u_master_u_buf_S2P_buffer_reg[7]/D
          Clock: (R) REFCLK

                     Capture       Launch     
        Clock Edge:+   10000         5000     
       Src Latency:+       0            0     
       Net Latency:+       0 (I)        0 (I) 
           Arrival:=   10000         5000     
                                              
             Setup:-     260                  
     Required Time:=    9740                  
      Launch Clock:-    5000                  
         Data Path:-     765                  
             Slack:=    3975                  

#---------------------------------------------------------------------------------------------------------------
#             Timing Point              Flags    Arc   Edge   Cell     Fanout Load Trans Delay Arrival Instance 
#                                                                             (fF)  (ps)  (ps)   (ps)  Location 
#---------------------------------------------------------------------------------------------------------------
  u_slave1_MISO_Block_buffer_reg[0]/CKN -       -      F     (arrival)     76    -     0     0    5000    (-,-) 
  u_slave1_MISO_Block_buffer_reg[0]/Q   -       CKN->Q R     DFFNSRX1       2  6.9   122   331    5331    (-,-) 
  g3432__6783/Y                         -       A0->Y  R     AO22X1         1  5.2   110   227    5558    (-,-) 
  u_slave1_g8__5526/Y                   -       A->Y   R     TBUFX1         2 10.8   167   207    5765    (-,-) 
  u_master_u_buf_S2P_buffer_reg[7]/D    -       -      R     SDFFQX1        2    -     -     0    5765    (-,-) 
#---------------------------------------------------------------------------------------------------------------



Path 12: MET (3977 ps) Setup Check with Pin u_master_u_crc5_crc_out_reg[2]/CK->D
          Group: REFCLK
     Startpoint: (F) u_master_u_buf_P2S_buffer_reg[0]/CKN
          Clock: (F) REFCLK
       Endpoint: (R) u_master_u_crc5_crc_out_reg[2]/D
          Clock: (R) REFCLK

                     Capture       Launch     
        Clock Edge:+   10000         5000     
       Src Latency:+       0            0     
       Net Latency:+       0 (I)        0 (I) 
           Arrival:=   10000         5000     
                                              
             Setup:-     208                  
     Required Time:=    9792                  
      Launch Clock:-    5000                  
         Data Path:-     816                  
             Slack:=    3977                  

#--------------------------------------------------------------------------------------------------------------
#            Timing Point              Flags    Arc   Edge   Cell     Fanout Load Trans Delay Arrival Instance 
#                                                                            (fF)  (ps)  (ps)   (ps)  Location 
#--------------------------------------------------------------------------------------------------------------
  u_master_u_buf_P2S_buffer_reg[0]/CKN -       -      F     (arrival)     76    -     0     0    5000    (-,-) 
  u_master_u_buf_P2S_buffer_reg[0]/Q   -       CKN->Q R     DFFNSRX1       3 10.0   168   354    5354    (-,-) 
  g3604__9945/Y                        -       B->Y   F     CLKXOR2X1      2  7.7   154   261    5614    (-,-) 
  g3554__7482/Y                        -       B->Y   R     CLKXOR2X1      1  4.7    99   201    5815    (-,-) 
  u_master_u_crc5_crc_out_reg[2]/D     -       -      R     SDFFRHQX1      1    -     -     0    5816    (-,-) 
#--------------------------------------------------------------------------------------------------------------



Path 13: MET (3995 ps) Setup Check with Pin u_slave0_tx_crc_calc_crc_out_reg[2]/CK->SI
          Group: REFCLK
     Startpoint: (F) u_slave0_MISO_Block_buffer_reg[0]/CKN
          Clock: (F) REFCLK
       Endpoint: (R) u_slave0_tx_crc_calc_crc_out_reg[2]/SI
          Clock: (R) REFCLK

                     Capture       Launch     
        Clock Edge:+   10000         5000     
       Src Latency:+       0            0     
       Net Latency:+       0 (I)        0 (I) 
           Arrival:=   10000         5000     
                                              
             Setup:-     202                  
     Required Time:=    9798                  
      Launch Clock:-    5000                  
         Data Path:-     804                  
             Slack:=    3995                  

#----------------------------------------------------------------------------------------------------------------
#             Timing Point               Flags    Arc   Edge   Cell     Fanout Load Trans Delay Arrival Instance 
#                                                                              (fF)  (ps)  (ps)   (ps)  Location 
#----------------------------------------------------------------------------------------------------------------
  u_slave0_MISO_Block_buffer_reg[0]/CKN  -       -      F     (arrival)     76    -     0     0    5000    (-,-) 
  u_slave0_MISO_Block_buffer_reg[0]/Q    -       CKN->Q R     DFFNSRX1       2  6.9   122   331    5331    (-,-) 
  g3434__2802/Y                          -       A->Y   F     CLKXOR2X1      2  7.8   155   270    5601    (-,-) 
  g3430__4319/Y                          -       B->Y   R     CLKXOR2X1      1  4.8   100   202    5803    (-,-) 
  u_slave0_tx_crc_calc_crc_out_reg[2]/SI -       -      R     SDFFRHQX1      1    -     -     0    5804    (-,-) 
#----------------------------------------------------------------------------------------------------------------



Path 14: MET (3995 ps) Setup Check with Pin u_slave1_tx_crc_calc_crc_out_reg[2]/CK->SI
          Group: REFCLK
     Startpoint: (F) u_slave1_MISO_Block_buffer_reg[0]/CKN
          Clock: (F) REFCLK
       Endpoint: (R) u_slave1_tx_crc_calc_crc_out_reg[2]/SI
          Clock: (R) REFCLK

                     Capture       Launch     
        Clock Edge:+   10000         5000     
       Src Latency:+       0            0     
       Net Latency:+       0 (I)        0 (I) 
           Arrival:=   10000         5000     
                                              
             Setup:-     202                  
     Required Time:=    9798                  
      Launch Clock:-    5000                  
         Data Path:-     804                  
             Slack:=    3995                  

#----------------------------------------------------------------------------------------------------------------
#             Timing Point               Flags    Arc   Edge   Cell     Fanout Load Trans Delay Arrival Instance 
#                                                                              (fF)  (ps)  (ps)   (ps)  Location 
#----------------------------------------------------------------------------------------------------------------
  u_slave1_MISO_Block_buffer_reg[0]/CKN  -       -      F     (arrival)     76    -     0     0    5000    (-,-) 
  u_slave1_MISO_Block_buffer_reg[0]/Q    -       CKN->Q R     DFFNSRX1       2  6.9   122   331    5331    (-,-) 
  g3433__3680/Y                          -       A->Y   F     CLKXOR2X1      2  7.8   155   270    5601    (-,-) 
  g3429__6260/Y                          -       B->Y   R     CLKXOR2X1      1  4.8   100   202    5803    (-,-) 
  u_slave1_tx_crc_calc_crc_out_reg[2]/SI -       -      R     SDFFRHQX1      1    -     -     0    5804    (-,-) 
#----------------------------------------------------------------------------------------------------------------



Path 15: MET (4053 ps) Setup Check with Pin u_slave0_MOSI_Block_buffer_reg[7]/CK->SI
          Group: REFCLK
     Startpoint: (F) u_master_u_buf_P2S_buffer_reg[0]/CKN
          Clock: (F) REFCLK
       Endpoint: (R) u_slave0_MOSI_Block_buffer_reg[7]/SI
          Clock: (R) REFCLK

                     Capture       Launch     
        Clock Edge:+   10000         5000     
       Src Latency:+       0            0     
       Net Latency:+       0 (I)        0 (I) 
           Arrival:=   10000         5000     
                                              
             Setup:-     247                  
     Required Time:=    9753                  
      Launch Clock:-    5000                  
         Data Path:-     700                  
             Slack:=    4053                  

#--------------------------------------------------------------------------------------------------------------
#            Timing Point              Flags    Arc   Edge   Cell     Fanout Load Trans Delay Arrival Instance 
#                                                                            (fF)  (ps)  (ps)   (ps)  Location 
#--------------------------------------------------------------------------------------------------------------
  u_master_u_buf_P2S_buffer_reg[0]/CKN -       -      F     (arrival)     76    -     0     0    5000    (-,-) 
  u_master_u_buf_P2S_buffer_reg[0]/Q   -       CKN->Q R     DFFNSRX1       3 10.0   168   354    5354    (-,-) 
  g3465__5122/Y                        -       A->Y   R     MX2X1          1  4.5    93   213    5566    (-,-) 
  g3449__1705/Y                        -       B->Y   R     OR2X1          2  7.1   119   134    5700    (-,-) 
  u_slave0_MOSI_Block_buffer_reg[7]/SI -       -      R     SDFFQX1        2    -     -     0    5700    (-,-) 
#--------------------------------------------------------------------------------------------------------------



Path 16: MET (4053 ps) Setup Check with Pin u_slave1_MOSI_Block_buffer_reg[7]/CK->SI
          Group: REFCLK
     Startpoint: (F) u_master_u_buf_P2S_buffer_reg[0]/CKN
          Clock: (F) REFCLK
       Endpoint: (R) u_slave1_MOSI_Block_buffer_reg[7]/SI
          Clock: (R) REFCLK

                     Capture       Launch     
        Clock Edge:+   10000         5000     
       Src Latency:+       0            0     
       Net Latency:+       0 (I)        0 (I) 
           Arrival:=   10000         5000     
                                              
             Setup:-     247                  
     Required Time:=    9753                  
      Launch Clock:-    5000                  
         Data Path:-     700                  
             Slack:=    4053                  

#--------------------------------------------------------------------------------------------------------------
#            Timing Point              Flags    Arc   Edge   Cell     Fanout Load Trans Delay Arrival Instance 
#                                                                            (fF)  (ps)  (ps)   (ps)  Location 
#--------------------------------------------------------------------------------------------------------------
  u_master_u_buf_P2S_buffer_reg[0]/CKN -       -      F     (arrival)     76    -     0     0    5000    (-,-) 
  u_master_u_buf_P2S_buffer_reg[0]/Q   -       CKN->Q R     DFFNSRX1       3 10.0   168   354    5354    (-,-) 
  g3465__5122/Y                        -       A->Y   R     MX2X1          1  4.5    93   213    5566    (-,-) 
  g3449__1705/Y                        -       B->Y   R     OR2X1          2  7.1   119   134    5700    (-,-) 
  u_slave1_MOSI_Block_buffer_reg[7]/SI -       -      R     SDFFQX1        2    -     -     0    5700    (-,-) 
#--------------------------------------------------------------------------------------------------------------



Path 17: MET (4200 ps) Setup Check with Pin u_master_u_crc5_crc_out_reg[0]/CK->D
          Group: REFCLK
     Startpoint: (F) u_master_u_buf_P2S_buffer_reg[0]/CKN
          Clock: (F) REFCLK
       Endpoint: (R) u_master_u_crc5_crc_out_reg[0]/D
          Clock: (R) REFCLK

                     Capture       Launch     
        Clock Edge:+   10000         5000     
       Src Latency:+       0            0     
       Net Latency:+       0 (I)        0 (I) 
           Arrival:=   10000         5000     
                                              
             Setup:-     220                  
     Required Time:=    9780                  
      Launch Clock:-    5000                  
         Data Path:-     580                  
             Slack:=    4200                  

#--------------------------------------------------------------------------------------------------------------
#            Timing Point              Flags    Arc   Edge   Cell     Fanout Load Trans Delay Arrival Instance 
#                                                                            (fF)  (ps)  (ps)   (ps)  Location 
#--------------------------------------------------------------------------------------------------------------
  u_master_u_buf_P2S_buffer_reg[0]/CKN -       -      F     (arrival)     76    -     0     0    5000    (-,-) 
  u_master_u_buf_P2S_buffer_reg[0]/Q   -       CKN->Q R     DFFNSRX1       3 10.0   168   354    5354    (-,-) 
  g3604__9945/Y                        -       B->Y   R     CLKXOR2X1      2  7.7   141   226    5580    (-,-) 
  u_master_u_crc5_crc_out_reg[0]/D     -       -      R     SDFFRHQX1      2    -     -     0    5580    (-,-) 
#--------------------------------------------------------------------------------------------------------------



Path 18: MET (4207 ps) Setup Check with Pin u_slave0_tx_crc_calc_crc_out_reg[0]/CK->SI
          Group: REFCLK
     Startpoint: (F) u_slave0_MISO_Block_buffer_reg[0]/CKN
          Clock: (F) REFCLK
       Endpoint: (R) u_slave0_tx_crc_calc_crc_out_reg[0]/SI
          Clock: (R) REFCLK

                     Capture       Launch     
        Clock Edge:+   10000         5000     
       Src Latency:+       0            0     
       Net Latency:+       0 (I)        0 (I) 
           Arrival:=   10000         5000     
                                              
             Setup:-     219                  
     Required Time:=    9781                  
      Launch Clock:-    5000                  
         Data Path:-     574                  
             Slack:=    4207                  

#----------------------------------------------------------------------------------------------------------------
#             Timing Point               Flags    Arc   Edge   Cell     Fanout Load Trans Delay Arrival Instance 
#                                                                              (fF)  (ps)  (ps)   (ps)  Location 
#----------------------------------------------------------------------------------------------------------------
  u_slave0_MISO_Block_buffer_reg[0]/CKN  -       -      F     (arrival)     76    -     0     0    5000    (-,-) 
  u_slave0_MISO_Block_buffer_reg[0]/Q    -       CKN->Q R     DFFNSRX1       2  6.9   122   331    5331    (-,-) 
  g3434__2802/Y                          -       A->Y   R     CLKXOR2X1      2  7.8   142   243    5574    (-,-) 
  u_slave0_tx_crc_calc_crc_out_reg[0]/SI -       -      R     SDFFRHQX1      2    -     -     0    5574    (-,-) 
#----------------------------------------------------------------------------------------------------------------



Path 19: MET (4207 ps) Setup Check with Pin u_slave1_tx_crc_calc_crc_out_reg[0]/CK->SI
          Group: REFCLK
     Startpoint: (F) u_slave1_MISO_Block_buffer_reg[0]/CKN
          Clock: (F) REFCLK
       Endpoint: (R) u_slave1_tx_crc_calc_crc_out_reg[0]/SI
          Clock: (R) REFCLK

                     Capture       Launch     
        Clock Edge:+   10000         5000     
       Src Latency:+       0            0     
       Net Latency:+       0 (I)        0 (I) 
           Arrival:=   10000         5000     
                                              
             Setup:-     219                  
     Required Time:=    9781                  
      Launch Clock:-    5000                  
         Data Path:-     574                  
             Slack:=    4207                  

#----------------------------------------------------------------------------------------------------------------
#             Timing Point               Flags    Arc   Edge   Cell     Fanout Load Trans Delay Arrival Instance 
#                                                                              (fF)  (ps)  (ps)   (ps)  Location 
#----------------------------------------------------------------------------------------------------------------
  u_slave1_MISO_Block_buffer_reg[0]/CKN  -       -      F     (arrival)     76    -     0     0    5000    (-,-) 
  u_slave1_MISO_Block_buffer_reg[0]/Q    -       CKN->Q R     DFFNSRX1       2  6.9   122   331    5331    (-,-) 
  g3433__3680/Y                          -       A->Y   R     CLKXOR2X1      2  7.8   142   243    5574    (-,-) 
  u_slave1_tx_crc_calc_crc_out_reg[0]/SI -       -      R     SDFFRHQX1      2    -     -     0    5574    (-,-) 
#----------------------------------------------------------------------------------------------------------------



Path 20: MET (6443 ps) Setup Check with Pin u_master_SS_reg[0]/CK->D
          Group: REFCLK
     Startpoint: (F) MASTER_INPUT[1]
          Clock: (R) REFCLK
       Endpoint: (F) u_master_SS_reg[0]/D
          Clock: (R) REFCLK

                     Capture       Launch     
        Clock Edge:+   10000            0     
        Drv Adjust:+       0            0     
       Src Latency:+       0            0     
       Net Latency:+       0 (I)        0 (I) 
           Arrival:=   10000            0     
                                              
             Setup:-     207                  
     Required Time:=    9793                  
      Launch Clock:-       0                  
       Input Delay:-    2500                  
         Data Path:-     850                  
             Slack:=    6443                  

Exceptions/Constraints:
  input_delay             2500            SPI_Top_Constraints._line_5_6_1 

#---------------------------------------------------------------------------------------------
#    Timing Point      Flags   Arc   Edge   Cell     Fanout Load Trans Delay Arrival Instance 
#                                                           (fF)  (ps)  (ps)   (ps)  Location 
#---------------------------------------------------------------------------------------------
  MASTER_INPUT[1]      -       -     F     (arrival)      3  9.3     0     0    2500    (-,-) 
  g3583__1881/Y        -       A->Y  F     OR4X1          1  4.7   134   272    2772    (-,-) 
  g3514__9315/Y        -       D->Y  R     NOR4X1         2  7.5   531   306    3078    (-,-) 
  g3489__1617/Y        -       B->Y  F     NAND2BX1       1  4.5   230   272    3350    (-,-) 
  u_master_SS_reg[0]/D -       -     F     SDFFQX1        1    -     -     0    3350    (-,-) 
#---------------------------------------------------------------------------------------------



Path 21: MET (6443 ps) Setup Check with Pin u_master_SS_reg[1]/CK->D
          Group: REFCLK
     Startpoint: (F) MASTER_INPUT[1]
          Clock: (R) REFCLK
       Endpoint: (F) u_master_SS_reg[1]/D
          Clock: (R) REFCLK

                     Capture       Launch     
        Clock Edge:+   10000            0     
        Drv Adjust:+       0            0     
       Src Latency:+       0            0     
       Net Latency:+       0 (I)        0 (I) 
           Arrival:=   10000            0     
                                              
             Setup:-     207                  
     Required Time:=    9793                  
      Launch Clock:-       0                  
       Input Delay:-    2500                  
         Data Path:-     850                  
             Slack:=    6443                  

Exceptions/Constraints:
  input_delay             2500            SPI_Top_Constraints._line_5_6_1 

#---------------------------------------------------------------------------------------------
#    Timing Point      Flags   Arc   Edge   Cell     Fanout Load Trans Delay Arrival Instance 
#                                                           (fF)  (ps)  (ps)   (ps)  Location 
#---------------------------------------------------------------------------------------------
  MASTER_INPUT[1]      -       -     F     (arrival)      3  9.3     0     0    2500    (-,-) 
  g3583__1881/Y        -       A->Y  F     OR4X1          1  4.7   134   272    2772    (-,-) 
  g3514__9315/Y        -       D->Y  R     NOR4X1         2  7.5   531   306    3078    (-,-) 
  g3488__5122/Y        -       B->Y  F     NAND2X1        1  4.5   230   272    3350    (-,-) 
  u_master_SS_reg[1]/D -       -     F     SDFFQX1        1    -     -     0    3350    (-,-) 
#---------------------------------------------------------------------------------------------



Path 22: MET (7210 ps) Late External Delay Assertion at pin MASTER_OUTPUT[1]
          Group: REFCLK
     Startpoint: (R) u_master_u_buf_S2P_buffer_reg[1]/CK
          Clock: (R) REFCLK
       Endpoint: (F) MASTER_OUTPUT[1]
          Clock: (R) REFCLK

                     Capture       Launch     
        Clock Edge:+   10000            0     
       Src Latency:+       0            0     
       Net Latency:+       0 (I)        0 (I) 
           Arrival:=   10000            0     
                                              
      Output Delay:-    2500                  
     Required Time:=    7500                  
      Launch Clock:-       0                  
         Data Path:-     290                  
             Slack:=    7210                  

Exceptions/Constraints:
  output_delay             2500            SPI_Top_Constraints._line_6_16_1 

#------------------------------------------------------------------------------------------------------------
#            Timing Point             Flags   Arc   Edge   Cell     Fanout Load Trans Delay Arrival Instance 
#                                                                          (fF)  (ps)  (ps)   (ps)  Location 
#------------------------------------------------------------------------------------------------------------
  u_master_u_buf_S2P_buffer_reg[1]/CK -       -     R     (arrival)     76    -     0     0       0    (-,-) 
  u_master_u_buf_S2P_buffer_reg[1]/Q  -       CK->Q F     SDFFQX1        3  8.9   161   290     290    (-,-) 
  MASTER_OUTPUT[1]                    -       -     F     (port)         -    -     -     0     290    (-,-) 
#------------------------------------------------------------------------------------------------------------



Path 23: MET (7210 ps) Late External Delay Assertion at pin MASTER_OUTPUT[2]
          Group: REFCLK
     Startpoint: (R) u_master_u_buf_S2P_buffer_reg[2]/CK
          Clock: (R) REFCLK
       Endpoint: (F) MASTER_OUTPUT[2]
          Clock: (R) REFCLK

                     Capture       Launch     
        Clock Edge:+   10000            0     
       Src Latency:+       0            0     
       Net Latency:+       0 (I)        0 (I) 
           Arrival:=   10000            0     
                                              
      Output Delay:-    2500                  
     Required Time:=    7500                  
      Launch Clock:-       0                  
         Data Path:-     290                  
             Slack:=    7210                  

Exceptions/Constraints:
  output_delay             2500            SPI_Top_Constraints._line_6_15_1 

#------------------------------------------------------------------------------------------------------------
#            Timing Point             Flags   Arc   Edge   Cell     Fanout Load Trans Delay Arrival Instance 
#                                                                          (fF)  (ps)  (ps)   (ps)  Location 
#------------------------------------------------------------------------------------------------------------
  u_master_u_buf_S2P_buffer_reg[2]/CK -       -     R     (arrival)     76    -     0     0       0    (-,-) 
  u_master_u_buf_S2P_buffer_reg[2]/Q  -       CK->Q F     SDFFQX1        3  8.9   161   290     290    (-,-) 
  MASTER_OUTPUT[2]                    -       -     F     (port)         -    -     -     0     290    (-,-) 
#------------------------------------------------------------------------------------------------------------



Path 24: MET (7210 ps) Late External Delay Assertion at pin MASTER_OUTPUT[3]
          Group: REFCLK
     Startpoint: (R) u_master_u_buf_S2P_buffer_reg[3]/CK
          Clock: (R) REFCLK
       Endpoint: (F) MASTER_OUTPUT[3]
          Clock: (R) REFCLK

                     Capture       Launch     
        Clock Edge:+   10000            0     
       Src Latency:+       0            0     
       Net Latency:+       0 (I)        0 (I) 
           Arrival:=   10000            0     
                                              
      Output Delay:-    2500                  
     Required Time:=    7500                  
      Launch Clock:-       0                  
         Data Path:-     290                  
             Slack:=    7210                  

Exceptions/Constraints:
  output_delay             2500            SPI_Top_Constraints._line_6_14_1 

#------------------------------------------------------------------------------------------------------------
#            Timing Point             Flags   Arc   Edge   Cell     Fanout Load Trans Delay Arrival Instance 
#                                                                          (fF)  (ps)  (ps)   (ps)  Location 
#------------------------------------------------------------------------------------------------------------
  u_master_u_buf_S2P_buffer_reg[3]/CK -       -     R     (arrival)     76    -     0     0       0    (-,-) 
  u_master_u_buf_S2P_buffer_reg[3]/Q  -       CK->Q F     SDFFQX1        3  8.9   161   290     290    (-,-) 
  MASTER_OUTPUT[3]                    -       -     F     (port)         -    -     -     0     290    (-,-) 
#------------------------------------------------------------------------------------------------------------



Path 25: MET (7210 ps) Late External Delay Assertion at pin MASTER_OUTPUT[4]
          Group: REFCLK
     Startpoint: (R) u_master_u_buf_S2P_buffer_reg[4]/CK
          Clock: (R) REFCLK
       Endpoint: (F) MASTER_OUTPUT[4]
          Clock: (R) REFCLK

                     Capture       Launch     
        Clock Edge:+   10000            0     
       Src Latency:+       0            0     
       Net Latency:+       0 (I)        0 (I) 
           Arrival:=   10000            0     
                                              
      Output Delay:-    2500                  
     Required Time:=    7500                  
      Launch Clock:-       0                  
         Data Path:-     290                  
             Slack:=    7210                  

Exceptions/Constraints:
  output_delay             2500            SPI_Top_Constraints._line_6_13_1 

#------------------------------------------------------------------------------------------------------------
#            Timing Point             Flags   Arc   Edge   Cell     Fanout Load Trans Delay Arrival Instance 
#                                                                          (fF)  (ps)  (ps)   (ps)  Location 
#------------------------------------------------------------------------------------------------------------
  u_master_u_buf_S2P_buffer_reg[4]/CK -       -     R     (arrival)     76    -     0     0       0    (-,-) 
  u_master_u_buf_S2P_buffer_reg[4]/Q  -       CK->Q F     SDFFQX1        3  8.9   161   290     290    (-,-) 
  MASTER_OUTPUT[4]                    -       -     F     (port)         -    -     -     0     290    (-,-) 
#------------------------------------------------------------------------------------------------------------



Path 26: MET (7210 ps) Late External Delay Assertion at pin MASTER_OUTPUT[5]
          Group: REFCLK
     Startpoint: (R) u_master_u_buf_S2P_buffer_reg[5]/CK
          Clock: (R) REFCLK
       Endpoint: (F) MASTER_OUTPUT[5]
          Clock: (R) REFCLK

                     Capture       Launch     
        Clock Edge:+   10000            0     
       Src Latency:+       0            0     
       Net Latency:+       0 (I)        0 (I) 
           Arrival:=   10000            0     
                                              
      Output Delay:-    2500                  
     Required Time:=    7500                  
      Launch Clock:-       0                  
         Data Path:-     290                  
             Slack:=    7210                  

Exceptions/Constraints:
  output_delay             2500            SPI_Top_Constraints._line_6_12_1 

#------------------------------------------------------------------------------------------------------------
#            Timing Point             Flags   Arc   Edge   Cell     Fanout Load Trans Delay Arrival Instance 
#                                                                          (fF)  (ps)  (ps)   (ps)  Location 
#------------------------------------------------------------------------------------------------------------
  u_master_u_buf_S2P_buffer_reg[5]/CK -       -     R     (arrival)     76    -     0     0       0    (-,-) 
  u_master_u_buf_S2P_buffer_reg[5]/Q  -       CK->Q F     SDFFQX1        3  8.9   161   290     290    (-,-) 
  MASTER_OUTPUT[5]                    -       -     F     (port)         -    -     -     0     290    (-,-) 
#------------------------------------------------------------------------------------------------------------



Path 27: MET (7210 ps) Late External Delay Assertion at pin MASTER_OUTPUT[6]
          Group: REFCLK
     Startpoint: (R) u_master_u_buf_S2P_buffer_reg[6]/CK
          Clock: (R) REFCLK
       Endpoint: (F) MASTER_OUTPUT[6]
          Clock: (R) REFCLK

                     Capture       Launch     
        Clock Edge:+   10000            0     
       Src Latency:+       0            0     
       Net Latency:+       0 (I)        0 (I) 
           Arrival:=   10000            0     
                                              
      Output Delay:-    2500                  
     Required Time:=    7500                  
      Launch Clock:-       0                  
         Data Path:-     290                  
             Slack:=    7210                  

Exceptions/Constraints:
  output_delay             2500            SPI_Top_Constraints._line_6_11_1 

#------------------------------------------------------------------------------------------------------------
#            Timing Point             Flags   Arc   Edge   Cell     Fanout Load Trans Delay Arrival Instance 
#                                                                          (fF)  (ps)  (ps)   (ps)  Location 
#------------------------------------------------------------------------------------------------------------
  u_master_u_buf_S2P_buffer_reg[6]/CK -       -     R     (arrival)     76    -     0     0       0    (-,-) 
  u_master_u_buf_S2P_buffer_reg[6]/Q  -       CK->Q F     SDFFQX1        3  8.9   161   290     290    (-,-) 
  MASTER_OUTPUT[6]                    -       -     F     (port)         -    -     -     0     290    (-,-) 
#------------------------------------------------------------------------------------------------------------



Path 28: MET (7210 ps) Late External Delay Assertion at pin MASTER_OUTPUT[7]
          Group: REFCLK
     Startpoint: (R) u_master_u_buf_S2P_buffer_reg[7]/CK
          Clock: (R) REFCLK
       Endpoint: (F) MASTER_OUTPUT[7]
          Clock: (R) REFCLK

                     Capture       Launch     
        Clock Edge:+   10000            0     
       Src Latency:+       0            0     
       Net Latency:+       0 (I)        0 (I) 
           Arrival:=   10000            0     
                                              
      Output Delay:-    2500                  
     Required Time:=    7500                  
      Launch Clock:-       0                  
         Data Path:-     290                  
             Slack:=    7210                  

Exceptions/Constraints:
  output_delay             2500            SPI_Top_Constraints._line_6 

#------------------------------------------------------------------------------------------------------------
#            Timing Point             Flags   Arc   Edge   Cell     Fanout Load Trans Delay Arrival Instance 
#                                                                          (fF)  (ps)  (ps)   (ps)  Location 
#------------------------------------------------------------------------------------------------------------
  u_master_u_buf_S2P_buffer_reg[7]/CK -       -     R     (arrival)     76    -     0     0       0    (-,-) 
  u_master_u_buf_S2P_buffer_reg[7]/Q  -       CK->Q F     SDFFQX1        3  8.9   161   290     290    (-,-) 
  MASTER_OUTPUT[7]                    -       -     F     (port)         -    -     -     0     290    (-,-) 
#------------------------------------------------------------------------------------------------------------



Path 29: MET (7210 ps) Late External Delay Assertion at pin SLAVE1_DATA_OUT[1]
          Group: REFCLK
     Startpoint: (R) u_slave1_MOSI_Block_buffer_reg[1]/CK
          Clock: (R) REFCLK
       Endpoint: (F) SLAVE1_DATA_OUT[1]
          Clock: (R) REFCLK

                     Capture       Launch     
        Clock Edge:+   10000            0     
       Src Latency:+       0            0     
       Net Latency:+       0 (I)        0 (I) 
           Arrival:=   10000            0     
                                              
      Output Delay:-    2500                  
     Required Time:=    7500                  
      Launch Clock:-       0                  
         Data Path:-     290                  
             Slack:=    7210                  

Exceptions/Constraints:
  output_delay             2500            SPI_Top_Constraints._line_6_32_1 

#-------------------------------------------------------------------------------------------------------------
#            Timing Point              Flags   Arc   Edge   Cell     Fanout Load Trans Delay Arrival Instance 
#                                                                           (fF)  (ps)  (ps)   (ps)  Location 
#-------------------------------------------------------------------------------------------------------------
  u_slave1_MOSI_Block_buffer_reg[1]/CK -       -     R     (arrival)     76    -     0     0       0    (-,-) 
  u_slave1_MOSI_Block_buffer_reg[1]/Q  -       CK->Q F     SDFFQX1        3  8.9   161   290     290    (-,-) 
  SLAVE1_DATA_OUT[1]                   -       -     F     (port)         -    -     -     0     290    (-,-) 
#-------------------------------------------------------------------------------------------------------------



Path 30: MET (7210 ps) Late External Delay Assertion at pin SLAVE1_DATA_OUT[2]
          Group: REFCLK
     Startpoint: (R) u_slave1_MOSI_Block_buffer_reg[2]/CK
          Clock: (R) REFCLK
       Endpoint: (F) SLAVE1_DATA_OUT[2]
          Clock: (R) REFCLK

                     Capture       Launch     
        Clock Edge:+   10000            0     
       Src Latency:+       0            0     
       Net Latency:+       0 (I)        0 (I) 
           Arrival:=   10000            0     
                                              
      Output Delay:-    2500                  
     Required Time:=    7500                  
      Launch Clock:-       0                  
         Data Path:-     290                  
             Slack:=    7210                  

Exceptions/Constraints:
  output_delay             2500            SPI_Top_Constraints._line_6_31_1 

#-------------------------------------------------------------------------------------------------------------
#            Timing Point              Flags   Arc   Edge   Cell     Fanout Load Trans Delay Arrival Instance 
#                                                                           (fF)  (ps)  (ps)   (ps)  Location 
#-------------------------------------------------------------------------------------------------------------
  u_slave1_MOSI_Block_buffer_reg[2]/CK -       -     R     (arrival)     76    -     0     0       0    (-,-) 
  u_slave1_MOSI_Block_buffer_reg[2]/Q  -       CK->Q F     SDFFQX1        3  8.9   161   290     290    (-,-) 
  SLAVE1_DATA_OUT[2]                   -       -     F     (port)         -    -     -     0     290    (-,-) 
#-------------------------------------------------------------------------------------------------------------



Path 31: MET (7210 ps) Late External Delay Assertion at pin SLAVE1_DATA_OUT[3]
          Group: REFCLK
     Startpoint: (R) u_slave1_MOSI_Block_buffer_reg[3]/CK
          Clock: (R) REFCLK
       Endpoint: (F) SLAVE1_DATA_OUT[3]
          Clock: (R) REFCLK

                     Capture       Launch     
        Clock Edge:+   10000            0     
       Src Latency:+       0            0     
       Net Latency:+       0 (I)        0 (I) 
           Arrival:=   10000            0     
                                              
      Output Delay:-    2500                  
     Required Time:=    7500                  
      Launch Clock:-       0                  
         Data Path:-     290                  
             Slack:=    7210                  

Exceptions/Constraints:
  output_delay             2500            SPI_Top_Constraints._line_6_30_1 

#-------------------------------------------------------------------------------------------------------------
#            Timing Point              Flags   Arc   Edge   Cell     Fanout Load Trans Delay Arrival Instance 
#                                                                           (fF)  (ps)  (ps)   (ps)  Location 
#-------------------------------------------------------------------------------------------------------------
  u_slave1_MOSI_Block_buffer_reg[3]/CK -       -     R     (arrival)     76    -     0     0       0    (-,-) 
  u_slave1_MOSI_Block_buffer_reg[3]/Q  -       CK->Q F     SDFFQX1        3  8.9   161   290     290    (-,-) 
  SLAVE1_DATA_OUT[3]                   -       -     F     (port)         -    -     -     0     290    (-,-) 
#-------------------------------------------------------------------------------------------------------------



Path 32: MET (7210 ps) Late External Delay Assertion at pin SLAVE1_DATA_OUT[4]
          Group: REFCLK
     Startpoint: (R) u_slave1_MOSI_Block_buffer_reg[4]/CK
          Clock: (R) REFCLK
       Endpoint: (F) SLAVE1_DATA_OUT[4]
          Clock: (R) REFCLK

                     Capture       Launch     
        Clock Edge:+   10000            0     
       Src Latency:+       0            0     
       Net Latency:+       0 (I)        0 (I) 
           Arrival:=   10000            0     
                                              
      Output Delay:-    2500                  
     Required Time:=    7500                  
      Launch Clock:-       0                  
         Data Path:-     290                  
             Slack:=    7210                  

Exceptions/Constraints:
  output_delay             2500            SPI_Top_Constraints._line_6_29_1 

#-------------------------------------------------------------------------------------------------------------
#            Timing Point              Flags   Arc   Edge   Cell     Fanout Load Trans Delay Arrival Instance 
#                                                                           (fF)  (ps)  (ps)   (ps)  Location 
#-------------------------------------------------------------------------------------------------------------
  u_slave1_MOSI_Block_buffer_reg[4]/CK -       -     R     (arrival)     76    -     0     0       0    (-,-) 
  u_slave1_MOSI_Block_buffer_reg[4]/Q  -       CK->Q F     SDFFQX1        3  8.9   161   290     290    (-,-) 
  SLAVE1_DATA_OUT[4]                   -       -     F     (port)         -    -     -     0     290    (-,-) 
#-------------------------------------------------------------------------------------------------------------



Path 33: MET (7210 ps) Late External Delay Assertion at pin SLAVE1_DATA_OUT[5]
          Group: REFCLK
     Startpoint: (R) u_slave1_MOSI_Block_buffer_reg[5]/CK
          Clock: (R) REFCLK
       Endpoint: (F) SLAVE1_DATA_OUT[5]
          Clock: (R) REFCLK

                     Capture       Launch     
        Clock Edge:+   10000            0     
       Src Latency:+       0            0     
       Net Latency:+       0 (I)        0 (I) 
           Arrival:=   10000            0     
                                              
      Output Delay:-    2500                  
     Required Time:=    7500                  
      Launch Clock:-       0                  
         Data Path:-     290                  
             Slack:=    7210                  

Exceptions/Constraints:
  output_delay             2500            SPI_Top_Constraints._line_6_28_1 

#-------------------------------------------------------------------------------------------------------------
#            Timing Point              Flags   Arc   Edge   Cell     Fanout Load Trans Delay Arrival Instance 
#                                                                           (fF)  (ps)  (ps)   (ps)  Location 
#-------------------------------------------------------------------------------------------------------------
  u_slave1_MOSI_Block_buffer_reg[5]/CK -       -     R     (arrival)     76    -     0     0       0    (-,-) 
  u_slave1_MOSI_Block_buffer_reg[5]/Q  -       CK->Q F     SDFFQX1        3  8.9   161   290     290    (-,-) 
  SLAVE1_DATA_OUT[5]                   -       -     F     (port)         -    -     -     0     290    (-,-) 
#-------------------------------------------------------------------------------------------------------------



Path 34: MET (7210 ps) Late External Delay Assertion at pin SLAVE1_DATA_OUT[6]
          Group: REFCLK
     Startpoint: (R) u_slave1_MOSI_Block_buffer_reg[6]/CK
          Clock: (R) REFCLK
       Endpoint: (F) SLAVE1_DATA_OUT[6]
          Clock: (R) REFCLK

                     Capture       Launch     
        Clock Edge:+   10000            0     
       Src Latency:+       0            0     
       Net Latency:+       0 (I)        0 (I) 
           Arrival:=   10000            0     
                                              
      Output Delay:-    2500                  
     Required Time:=    7500                  
      Launch Clock:-       0                  
         Data Path:-     290                  
             Slack:=    7210                  

Exceptions/Constraints:
  output_delay             2500            SPI_Top_Constraints._line_6_27_1 

#-------------------------------------------------------------------------------------------------------------
#            Timing Point              Flags   Arc   Edge   Cell     Fanout Load Trans Delay Arrival Instance 
#                                                                           (fF)  (ps)  (ps)   (ps)  Location 
#-------------------------------------------------------------------------------------------------------------
  u_slave1_MOSI_Block_buffer_reg[6]/CK -       -     R     (arrival)     76    -     0     0       0    (-,-) 
  u_slave1_MOSI_Block_buffer_reg[6]/Q  -       CK->Q F     SDFFQX1        3  8.9   161   290     290    (-,-) 
  SLAVE1_DATA_OUT[6]                   -       -     F     (port)         -    -     -     0     290    (-,-) 
#-------------------------------------------------------------------------------------------------------------



Path 35: MET (7210 ps) Late External Delay Assertion at pin SLAVE1_DATA_OUT[7]
          Group: REFCLK
     Startpoint: (R) u_slave1_MOSI_Block_buffer_reg[7]/CK
          Clock: (R) REFCLK
       Endpoint: (F) SLAVE1_DATA_OUT[7]
          Clock: (R) REFCLK

                     Capture       Launch     
        Clock Edge:+   10000            0     
       Src Latency:+       0            0     
       Net Latency:+       0 (I)        0 (I) 
           Arrival:=   10000            0     
                                              
      Output Delay:-    2500                  
     Required Time:=    7500                  
      Launch Clock:-       0                  
         Data Path:-     290                  
             Slack:=    7210                  

Exceptions/Constraints:
  output_delay             2500            SPI_Top_Constraints._line_6_26_1 

#-------------------------------------------------------------------------------------------------------------
#            Timing Point              Flags   Arc   Edge   Cell     Fanout Load Trans Delay Arrival Instance 
#                                                                           (fF)  (ps)  (ps)   (ps)  Location 
#-------------------------------------------------------------------------------------------------------------
  u_slave1_MOSI_Block_buffer_reg[7]/CK -       -     R     (arrival)     76    -     0     0       0    (-,-) 
  u_slave1_MOSI_Block_buffer_reg[7]/Q  -       CK->Q F     SDFFQX1        3  8.9   161   290     290    (-,-) 
  SLAVE1_DATA_OUT[7]                   -       -     F     (port)         -    -     -     0     290    (-,-) 
#-------------------------------------------------------------------------------------------------------------



Path 36: MET (7210 ps) Late External Delay Assertion at pin SLAVE0_DATA_OUT[1]
          Group: REFCLK
     Startpoint: (R) u_slave0_MOSI_Block_buffer_reg[1]/CK
          Clock: (R) REFCLK
       Endpoint: (F) SLAVE0_DATA_OUT[1]
          Clock: (R) REFCLK

                     Capture       Launch     
        Clock Edge:+   10000            0     
       Src Latency:+       0            0     
       Net Latency:+       0 (I)        0 (I) 
           Arrival:=   10000            0     
                                              
      Output Delay:-    2500                  
     Required Time:=    7500                  
      Launch Clock:-       0                  
         Data Path:-     290                  
             Slack:=    7210                  

Exceptions/Constraints:
  output_delay             2500            SPI_Top_Constraints._line_6_24_1 

#-------------------------------------------------------------------------------------------------------------
#            Timing Point              Flags   Arc   Edge   Cell     Fanout Load Trans Delay Arrival Instance 
#                                                                           (fF)  (ps)  (ps)   (ps)  Location 
#-------------------------------------------------------------------------------------------------------------
  u_slave0_MOSI_Block_buffer_reg[1]/CK -       -     R     (arrival)     76    -     0     0       0    (-,-) 
  u_slave0_MOSI_Block_buffer_reg[1]/Q  -       CK->Q F     SDFFQX1        3  8.9   161   290     290    (-,-) 
  SLAVE0_DATA_OUT[1]                   -       -     F     (port)         -    -     -     0     290    (-,-) 
#-------------------------------------------------------------------------------------------------------------



Path 37: MET (7210 ps) Late External Delay Assertion at pin SLAVE0_DATA_OUT[2]
          Group: REFCLK
     Startpoint: (R) u_slave0_MOSI_Block_buffer_reg[2]/CK
          Clock: (R) REFCLK
       Endpoint: (F) SLAVE0_DATA_OUT[2]
          Clock: (R) REFCLK

                     Capture       Launch     
        Clock Edge:+   10000            0     
       Src Latency:+       0            0     
       Net Latency:+       0 (I)        0 (I) 
           Arrival:=   10000            0     
                                              
      Output Delay:-    2500                  
     Required Time:=    7500                  
      Launch Clock:-       0                  
         Data Path:-     290                  
             Slack:=    7210                  

Exceptions/Constraints:
  output_delay             2500            SPI_Top_Constraints._line_6_23_1 

#-------------------------------------------------------------------------------------------------------------
#            Timing Point              Flags   Arc   Edge   Cell     Fanout Load Trans Delay Arrival Instance 
#                                                                           (fF)  (ps)  (ps)   (ps)  Location 
#-------------------------------------------------------------------------------------------------------------
  u_slave0_MOSI_Block_buffer_reg[2]/CK -       -     R     (arrival)     76    -     0     0       0    (-,-) 
  u_slave0_MOSI_Block_buffer_reg[2]/Q  -       CK->Q F     SDFFQX1        3  8.9   161   290     290    (-,-) 
  SLAVE0_DATA_OUT[2]                   -       -     F     (port)         -    -     -     0     290    (-,-) 
#-------------------------------------------------------------------------------------------------------------



Path 38: MET (7210 ps) Late External Delay Assertion at pin SLAVE0_DATA_OUT[3]
          Group: REFCLK
     Startpoint: (R) u_slave0_MOSI_Block_buffer_reg[3]/CK
          Clock: (R) REFCLK
       Endpoint: (F) SLAVE0_DATA_OUT[3]
          Clock: (R) REFCLK

                     Capture       Launch     
        Clock Edge:+   10000            0     
       Src Latency:+       0            0     
       Net Latency:+       0 (I)        0 (I) 
           Arrival:=   10000            0     
                                              
      Output Delay:-    2500                  
     Required Time:=    7500                  
      Launch Clock:-       0                  
         Data Path:-     290                  
             Slack:=    7210                  

Exceptions/Constraints:
  output_delay             2500            SPI_Top_Constraints._line_6_22_1 

#-------------------------------------------------------------------------------------------------------------
#            Timing Point              Flags   Arc   Edge   Cell     Fanout Load Trans Delay Arrival Instance 
#                                                                           (fF)  (ps)  (ps)   (ps)  Location 
#-------------------------------------------------------------------------------------------------------------
  u_slave0_MOSI_Block_buffer_reg[3]/CK -       -     R     (arrival)     76    -     0     0       0    (-,-) 
  u_slave0_MOSI_Block_buffer_reg[3]/Q  -       CK->Q F     SDFFQX1        3  8.9   161   290     290    (-,-) 
  SLAVE0_DATA_OUT[3]                   -       -     F     (port)         -    -     -     0     290    (-,-) 
#-------------------------------------------------------------------------------------------------------------



Path 39: MET (7210 ps) Late External Delay Assertion at pin SLAVE0_DATA_OUT[4]
          Group: REFCLK
     Startpoint: (R) u_slave0_MOSI_Block_buffer_reg[4]/CK
          Clock: (R) REFCLK
       Endpoint: (F) SLAVE0_DATA_OUT[4]
          Clock: (R) REFCLK

                     Capture       Launch     
        Clock Edge:+   10000            0     
       Src Latency:+       0            0     
       Net Latency:+       0 (I)        0 (I) 
           Arrival:=   10000            0     
                                              
      Output Delay:-    2500                  
     Required Time:=    7500                  
      Launch Clock:-       0                  
         Data Path:-     290                  
             Slack:=    7210                  

Exceptions/Constraints:
  output_delay             2500            SPI_Top_Constraints._line_6_21_1 

#-------------------------------------------------------------------------------------------------------------
#            Timing Point              Flags   Arc   Edge   Cell     Fanout Load Trans Delay Arrival Instance 
#                                                                           (fF)  (ps)  (ps)   (ps)  Location 
#-------------------------------------------------------------------------------------------------------------
  u_slave0_MOSI_Block_buffer_reg[4]/CK -       -     R     (arrival)     76    -     0     0       0    (-,-) 
  u_slave0_MOSI_Block_buffer_reg[4]/Q  -       CK->Q F     SDFFQX1        3  8.9   161   290     290    (-,-) 
  SLAVE0_DATA_OUT[4]                   -       -     F     (port)         -    -     -     0     290    (-,-) 
#-------------------------------------------------------------------------------------------------------------



Path 40: MET (7210 ps) Late External Delay Assertion at pin SLAVE0_DATA_OUT[5]
          Group: REFCLK
     Startpoint: (R) u_slave0_MOSI_Block_buffer_reg[5]/CK
          Clock: (R) REFCLK
       Endpoint: (F) SLAVE0_DATA_OUT[5]
          Clock: (R) REFCLK

                     Capture       Launch     
        Clock Edge:+   10000            0     
       Src Latency:+       0            0     
       Net Latency:+       0 (I)        0 (I) 
           Arrival:=   10000            0     
                                              
      Output Delay:-    2500                  
     Required Time:=    7500                  
      Launch Clock:-       0                  
         Data Path:-     290                  
             Slack:=    7210                  

Exceptions/Constraints:
  output_delay             2500            SPI_Top_Constraints._line_6_20_1 

#-------------------------------------------------------------------------------------------------------------
#            Timing Point              Flags   Arc   Edge   Cell     Fanout Load Trans Delay Arrival Instance 
#                                                                           (fF)  (ps)  (ps)   (ps)  Location 
#-------------------------------------------------------------------------------------------------------------
  u_slave0_MOSI_Block_buffer_reg[5]/CK -       -     R     (arrival)     76    -     0     0       0    (-,-) 
  u_slave0_MOSI_Block_buffer_reg[5]/Q  -       CK->Q F     SDFFQX1        3  8.9   161   290     290    (-,-) 
  SLAVE0_DATA_OUT[5]                   -       -     F     (port)         -    -     -     0     290    (-,-) 
#-------------------------------------------------------------------------------------------------------------



Path 41: MET (7210 ps) Late External Delay Assertion at pin SLAVE0_DATA_OUT[6]
          Group: REFCLK
     Startpoint: (R) u_slave0_MOSI_Block_buffer_reg[6]/CK
          Clock: (R) REFCLK
       Endpoint: (F) SLAVE0_DATA_OUT[6]
          Clock: (R) REFCLK

                     Capture       Launch     
        Clock Edge:+   10000            0     
       Src Latency:+       0            0     
       Net Latency:+       0 (I)        0 (I) 
           Arrival:=   10000            0     
                                              
      Output Delay:-    2500                  
     Required Time:=    7500                  
      Launch Clock:-       0                  
         Data Path:-     290                  
             Slack:=    7210                  

Exceptions/Constraints:
  output_delay             2500            SPI_Top_Constraints._line_6_19_1 

#-------------------------------------------------------------------------------------------------------------
#            Timing Point              Flags   Arc   Edge   Cell     Fanout Load Trans Delay Arrival Instance 
#                                                                           (fF)  (ps)  (ps)   (ps)  Location 
#-------------------------------------------------------------------------------------------------------------
  u_slave0_MOSI_Block_buffer_reg[6]/CK -       -     R     (arrival)     76    -     0     0       0    (-,-) 
  u_slave0_MOSI_Block_buffer_reg[6]/Q  -       CK->Q F     SDFFQX1        3  8.9   161   290     290    (-,-) 
  SLAVE0_DATA_OUT[6]                   -       -     F     (port)         -    -     -     0     290    (-,-) 
#-------------------------------------------------------------------------------------------------------------



Path 42: MET (7210 ps) Late External Delay Assertion at pin SLAVE0_DATA_OUT[7]
          Group: REFCLK
     Startpoint: (R) u_slave0_MOSI_Block_buffer_reg[7]/CK
          Clock: (R) REFCLK
       Endpoint: (F) SLAVE0_DATA_OUT[7]
          Clock: (R) REFCLK

                     Capture       Launch     
        Clock Edge:+   10000            0     
       Src Latency:+       0            0     
       Net Latency:+       0 (I)        0 (I) 
           Arrival:=   10000            0     
                                              
      Output Delay:-    2500                  
     Required Time:=    7500                  
      Launch Clock:-       0                  
         Data Path:-     290                  
             Slack:=    7210                  

Exceptions/Constraints:
  output_delay             2500            SPI_Top_Constraints._line_6_18_1 

#-------------------------------------------------------------------------------------------------------------
#            Timing Point              Flags   Arc   Edge   Cell     Fanout Load Trans Delay Arrival Instance 
#                                                                           (fF)  (ps)  (ps)   (ps)  Location 
#-------------------------------------------------------------------------------------------------------------
  u_slave0_MOSI_Block_buffer_reg[7]/CK -       -     R     (arrival)     76    -     0     0       0    (-,-) 
  u_slave0_MOSI_Block_buffer_reg[7]/Q  -       CK->Q F     SDFFQX1        3  8.9   161   290     290    (-,-) 
  SLAVE0_DATA_OUT[7]                   -       -     F     (port)         -    -     -     0     290    (-,-) 
#-------------------------------------------------------------------------------------------------------------



Path 43: MET (7231 ps) Late External Delay Assertion at pin MASTER_OUTPUT[0]
          Group: REFCLK
     Startpoint: (R) u_master_u_buf_S2P_buffer_reg[0]/CK
          Clock: (R) REFCLK
       Endpoint: (F) MASTER_OUTPUT[0]
          Clock: (R) REFCLK

                     Capture       Launch     
        Clock Edge:+   10000            0     
       Src Latency:+       0            0     
       Net Latency:+       0 (I)        0 (I) 
           Arrival:=   10000            0     
                                              
      Output Delay:-    2500                  
     Required Time:=    7500                  
      Launch Clock:-       0                  
         Data Path:-     269                  
             Slack:=    7231                  

Exceptions/Constraints:
  output_delay             2500            SPI_Top_Constraints._line_6_17_1 

#------------------------------------------------------------------------------------------------------------
#            Timing Point             Flags   Arc   Edge   Cell     Fanout Load Trans Delay Arrival Instance 
#                                                                          (fF)  (ps)  (ps)   (ps)  Location 
#------------------------------------------------------------------------------------------------------------
  u_master_u_buf_S2P_buffer_reg[0]/CK -       -     R     (arrival)     76    -     0     0       0    (-,-) 
  u_master_u_buf_S2P_buffer_reg[0]/Q  -       CK->Q F     SDFFQX1        2  6.4   121   269     269    (-,-) 
  MASTER_OUTPUT[0]                    -       -     F     (port)         -    -     -     0     269    (-,-) 
#------------------------------------------------------------------------------------------------------------



Path 44: MET (7231 ps) Late External Delay Assertion at pin SLAVE1_DATA_OUT[0]
          Group: REFCLK
     Startpoint: (R) u_slave1_MOSI_Block_buffer_reg[0]/CK
          Clock: (R) REFCLK
       Endpoint: (F) SLAVE1_DATA_OUT[0]
          Clock: (R) REFCLK

                     Capture       Launch     
        Clock Edge:+   10000            0     
       Src Latency:+       0            0     
       Net Latency:+       0 (I)        0 (I) 
           Arrival:=   10000            0     
                                              
      Output Delay:-    2500                  
     Required Time:=    7500                  
      Launch Clock:-       0                  
         Data Path:-     269                  
             Slack:=    7231                  

Exceptions/Constraints:
  output_delay             2500            SPI_Top_Constraints._line_6_33_1 

#-------------------------------------------------------------------------------------------------------------
#            Timing Point              Flags   Arc   Edge   Cell     Fanout Load Trans Delay Arrival Instance 
#                                                                           (fF)  (ps)  (ps)   (ps)  Location 
#-------------------------------------------------------------------------------------------------------------
  u_slave1_MOSI_Block_buffer_reg[0]/CK -       -     R     (arrival)     76    -     0     0       0    (-,-) 
  u_slave1_MOSI_Block_buffer_reg[0]/Q  -       CK->Q F     SDFFQX1        2  6.3   119   269     269    (-,-) 
  SLAVE1_DATA_OUT[0]                   -       -     F     (port)         -    -     -     0     269    (-,-) 
#-------------------------------------------------------------------------------------------------------------



Path 45: MET (7231 ps) Late External Delay Assertion at pin SLAVE0_DATA_OUT[0]
          Group: REFCLK
     Startpoint: (R) u_slave0_MOSI_Block_buffer_reg[0]/CK
          Clock: (R) REFCLK
       Endpoint: (F) SLAVE0_DATA_OUT[0]
          Clock: (R) REFCLK

                     Capture       Launch     
        Clock Edge:+   10000            0     
       Src Latency:+       0            0     
       Net Latency:+       0 (I)        0 (I) 
           Arrival:=   10000            0     
                                              
      Output Delay:-    2500                  
     Required Time:=    7500                  
      Launch Clock:-       0                  
         Data Path:-     269                  
             Slack:=    7231                  

Exceptions/Constraints:
  output_delay             2500            SPI_Top_Constraints._line_6_25_1 

#-------------------------------------------------------------------------------------------------------------
#            Timing Point              Flags   Arc   Edge   Cell     Fanout Load Trans Delay Arrival Instance 
#                                                                           (fF)  (ps)  (ps)   (ps)  Location 
#-------------------------------------------------------------------------------------------------------------
  u_slave0_MOSI_Block_buffer_reg[0]/CK -       -     R     (arrival)     76    -     0     0       0    (-,-) 
  u_slave0_MOSI_Block_buffer_reg[0]/Q  -       CK->Q F     SDFFQX1        2  6.3   119   269     269    (-,-) 
  SLAVE0_DATA_OUT[0]                   -       -     F     (port)         -    -     -     0     269    (-,-) 
#-------------------------------------------------------------------------------------------------------------



Path 46: MET (8112 ps) Setup Check with Pin u_master_u_crc5_crc_out_reg[3]/CK->SE
          Group: REFCLK
     Startpoint: (R) u_master_state_reg[0]/CK
          Clock: (R) REFCLK
       Endpoint: (F) u_master_u_crc5_crc_out_reg[3]/SE
          Clock: (R) REFCLK

                     Capture       Launch     
        Clock Edge:+   10000            0     
       Src Latency:+       0            0     
       Net Latency:+       0 (I)        0 (I) 
           Arrival:=   10000            0     
                                              
             Setup:-     408                  
     Required Time:=    9592                  
      Launch Clock:-       0                  
         Data Path:-    1480                  
             Slack:=    8112                  

#----------------------------------------------------------------------------------------------------------
#           Timing Point            Flags   Arc   Edge   Cell     Fanout Load Trans Delay Arrival Instance 
#                                                                        (fF)  (ps)  (ps)   (ps)  Location 
#----------------------------------------------------------------------------------------------------------
  u_master_state_reg[0]/CK          -       -     R     (arrival)      9    -     0     0       0    (-,-) 
  u_master_state_reg[0]/Q           -       CK->Q F     DFFHQX1        5 15.4   266   352     352    (-,-) 
  g3662/Y                           -       A->Y  R     INVX1          4 12.5   214   195     546    (-,-) 
  g3632__5115/Y                     -       B->Y  F     NAND2X1        4 12.5   428   296     842    (-,-) 
  g3496__1881/Y                     -       A0->Y F     OA22X1        13 44.3   747   638    1480    (-,-) 
  u_master_u_crc5_crc_out_reg[3]/SE -       -     F     SDFFRHQX1     13    -     -     0    1480    (-,-) 
#----------------------------------------------------------------------------------------------------------



Path 47: MET (8112 ps) Setup Check with Pin u_master_u_crc5_crc_out_reg[1]/CK->SE
          Group: REFCLK
     Startpoint: (R) u_master_state_reg[0]/CK
          Clock: (R) REFCLK
       Endpoint: (F) u_master_u_crc5_crc_out_reg[1]/SE
          Clock: (R) REFCLK

                     Capture       Launch     
        Clock Edge:+   10000            0     
       Src Latency:+       0            0     
       Net Latency:+       0 (I)        0 (I) 
           Arrival:=   10000            0     
                                              
             Setup:-     408                  
     Required Time:=    9592                  
      Launch Clock:-       0                  
         Data Path:-    1480                  
             Slack:=    8112                  

#----------------------------------------------------------------------------------------------------------
#           Timing Point            Flags   Arc   Edge   Cell     Fanout Load Trans Delay Arrival Instance 
#                                                                        (fF)  (ps)  (ps)   (ps)  Location 
#----------------------------------------------------------------------------------------------------------
  u_master_state_reg[0]/CK          -       -     R     (arrival)      9    -     0     0       0    (-,-) 
  u_master_state_reg[0]/Q           -       CK->Q F     DFFHQX1        5 15.4   266   352     352    (-,-) 
  g3662/Y                           -       A->Y  R     INVX1          4 12.5   214   195     546    (-,-) 
  g3632__5115/Y                     -       B->Y  F     NAND2X1        4 12.5   428   296     842    (-,-) 
  g3496__1881/Y                     -       A0->Y F     OA22X1        13 44.3   747   638    1480    (-,-) 
  u_master_u_crc5_crc_out_reg[1]/SE -       -     F     SDFFRHQX1     13    -     -     0    1480    (-,-) 
#----------------------------------------------------------------------------------------------------------



Path 48: MET (8112 ps) Setup Check with Pin u_master_u_crc5_crc_out_reg[4]/CK->SE
          Group: REFCLK
     Startpoint: (R) u_master_state_reg[0]/CK
          Clock: (R) REFCLK
       Endpoint: (F) u_master_u_crc5_crc_out_reg[4]/SE
          Clock: (R) REFCLK

                     Capture       Launch     
        Clock Edge:+   10000            0     
       Src Latency:+       0            0     
       Net Latency:+       0 (I)        0 (I) 
           Arrival:=   10000            0     
                                              
             Setup:-     408                  
     Required Time:=    9592                  
      Launch Clock:-       0                  
         Data Path:-    1480                  
             Slack:=    8112                  

#----------------------------------------------------------------------------------------------------------
#           Timing Point            Flags   Arc   Edge   Cell     Fanout Load Trans Delay Arrival Instance 
#                                                                        (fF)  (ps)  (ps)   (ps)  Location 
#----------------------------------------------------------------------------------------------------------
  u_master_state_reg[0]/CK          -       -     R     (arrival)      9    -     0     0       0    (-,-) 
  u_master_state_reg[0]/Q           -       CK->Q F     DFFHQX1        5 15.4   266   352     352    (-,-) 
  g3662/Y                           -       A->Y  R     INVX1          4 12.5   214   195     546    (-,-) 
  g3632__5115/Y                     -       B->Y  F     NAND2X1        4 12.5   428   296     842    (-,-) 
  g3496__1881/Y                     -       A0->Y F     OA22X1        13 44.3   747   638    1480    (-,-) 
  u_master_u_crc5_crc_out_reg[4]/SE -       -     F     SDFFRHQX1     13    -     -     0    1480    (-,-) 
#----------------------------------------------------------------------------------------------------------



Path 49: MET (8112 ps) Setup Check with Pin u_master_u_crc5_crc_out_reg[0]/CK->SE
          Group: REFCLK
     Startpoint: (R) u_master_state_reg[0]/CK
          Clock: (R) REFCLK
       Endpoint: (F) u_master_u_crc5_crc_out_reg[0]/SE
          Clock: (R) REFCLK

                     Capture       Launch     
        Clock Edge:+   10000            0     
       Src Latency:+       0            0     
       Net Latency:+       0 (I)        0 (I) 
           Arrival:=   10000            0     
                                              
             Setup:-     408                  
     Required Time:=    9592                  
      Launch Clock:-       0                  
         Data Path:-    1480                  
             Slack:=    8112                  

#----------------------------------------------------------------------------------------------------------
#           Timing Point            Flags   Arc   Edge   Cell     Fanout Load Trans Delay Arrival Instance 
#                                                                        (fF)  (ps)  (ps)   (ps)  Location 
#----------------------------------------------------------------------------------------------------------
  u_master_state_reg[0]/CK          -       -     R     (arrival)      9    -     0     0       0    (-,-) 
  u_master_state_reg[0]/Q           -       CK->Q F     DFFHQX1        5 15.4   266   352     352    (-,-) 
  g3662/Y                           -       A->Y  R     INVX1          4 12.5   214   195     546    (-,-) 
  g3632__5115/Y                     -       B->Y  F     NAND2X1        4 12.5   428   296     842    (-,-) 
  g3496__1881/Y                     -       A0->Y F     OA22X1        13 44.3   747   638    1480    (-,-) 
  u_master_u_crc5_crc_out_reg[0]/SE -       -     F     SDFFRHQX1     13    -     -     0    1480    (-,-) 
#----------------------------------------------------------------------------------------------------------



Path 50: MET (8112 ps) Setup Check with Pin u_master_u_crc5_crc_out_reg[2]/CK->SE
          Group: REFCLK
     Startpoint: (R) u_master_state_reg[0]/CK
          Clock: (R) REFCLK
       Endpoint: (F) u_master_u_crc5_crc_out_reg[2]/SE
          Clock: (R) REFCLK

                     Capture       Launch     
        Clock Edge:+   10000            0     
       Src Latency:+       0            0     
       Net Latency:+       0 (I)        0 (I) 
           Arrival:=   10000            0     
                                              
             Setup:-     408                  
     Required Time:=    9592                  
      Launch Clock:-       0                  
         Data Path:-    1480                  
             Slack:=    8112                  

#----------------------------------------------------------------------------------------------------------
#           Timing Point            Flags   Arc   Edge   Cell     Fanout Load Trans Delay Arrival Instance 
#                                                                        (fF)  (ps)  (ps)   (ps)  Location 
#----------------------------------------------------------------------------------------------------------
  u_master_state_reg[0]/CK          -       -     R     (arrival)      9    -     0     0       0    (-,-) 
  u_master_state_reg[0]/Q           -       CK->Q F     DFFHQX1        5 15.4   266   352     352    (-,-) 
  g3662/Y                           -       A->Y  R     INVX1          4 12.5   214   195     546    (-,-) 
  g3632__5115/Y                     -       B->Y  F     NAND2X1        4 12.5   428   296     842    (-,-) 
  g3496__1881/Y                     -       A0->Y F     OA22X1        13 44.3   747   638    1480    (-,-) 
  u_master_u_crc5_crc_out_reg[2]/SE -       -     F     SDFFRHQX1     13    -     -     0    1480    (-,-) 
#----------------------------------------------------------------------------------------------------------

