============================================================
  Generated by:           Genus(TM) Synthesis Solution 22.17-s071_1
  Generated on:           May 20 2026  11:26:52 pm
  Module:                 SPI_Top
  Technology libraries:   slow_1v0 
                          pll 0.0
                          CDK_S128x16 0.0
                          CDK_S256x16 0.0
                          CDK_R512x16 0.0
                          physical_cells 
  Operating conditions:   slow 
  Interconnect mode:      global
  Area mode:              physical library
============================================================

Timing
--------

 Clock  Period 
---------------
REFCLK 10000.0 


  Cost    Critical         Violating 
 Group   Path Slack  TNS     Paths   
-------------------------------------
default    No paths   0.0            
REFCLK       3384.2   0.0          0 
-------------------------------------
Total                 0.0          0 

Instance Count
--------------
Leaf Instance Count             246 
Physical Instance count           0 
Sequential Instance Count        84 
Combinational Instance Count    162 
Hierarchical Instance Count       0 

Area
----
Cell Area                          933.660
Physical Cell Area                 0.000
Total Cell Area (Cell+Physical)    933.660
Net Area                           297.594
Total Area (Cell+Physical+Net)     1231.254

Runtime                            0.0 seconds
Elapsed Runtime                    263 seconds
Genus peak memory usage            1606.68 
Innovus peak memory usage          no_value 
Hostname                           vlsiktmt.tailff29c4.ts.net
